Connecté.
USER est "SYSTEM"
'--> Suppression du schÃĐma'

Utilisateur supprimé.

'--> CrÃĐation du schÃĐma'

Utilisateur créé.

USER est "SYSTEM"
'--> Attribut des privilÃĻges'

Autorisation de privilčges (GRANT) acceptée.


Autorisation de privilčges (GRANT) acceptée.


Autorisation de privilčges (GRANT) acceptée.


Autorisation de privilčges (GRANT) acceptée.


Autorisation de privilčges (GRANT) acceptée.


Autorisation de privilčges (GRANT) acceptée.

'--> Suppression des tablespaces'

Tablespace supprimé.


Tablespace supprimé.

'--> CrÃĐation des tablespaces'

Tablespace créé.


Tablespace créé.


Utilisateur modifié.


Utilisateur modifié.


Utilisateur modifié.


Utilisateur modifié.

Connecté.
'--> CrÃĐation des tables'

Table créée.


Table créée.


Table créée.


Table créée.


Table créée.


Table créée.


Table créée.


Table créée.


Table créée.


Table créée.


Table créée.


Table créée.


Table créée.


Table créée.


Table créée.


Table créée.


Table créée.

'--> CrÃĐation des PKs'

Table modifiée.


Table modifiée.


Table modifiée.


Table modifiée.


Table modifiée.


Table modifiée.


Table modifiée.


Table modifiée.


Table modifiée.


Table modifiée.


Table modifiée.


Table modifiée.


Table modifiée.


Table modifiée.


Table modifiée.


Table modifiée.


Table modifiée.

'--> CrÃĐation des FKs'

Table modifiée.


Table modifiée.


Table modifiée.


Table modifiée.


Table modifiée.


Table modifiée.


Table modifiée.


Table modifiée.


Table modifiée.


Table modifiée.


Table modifiée.


Table modifiée.


Table modifiée.


Table modifiée.


Table modifiée.


Table modifiée.

'--> Ajout des donnÃĐes du rÃĐfÃĐrentiel '

1 ligne créée.


1 ligne créée.


1 ligne créée.


1 ligne créée.


1 ligne créée.


1 ligne créée.


1 ligne créée.


1 ligne créée.


1 ligne créée.


1 ligne créée.


1 ligne créée.


1 ligne créée.


1 ligne créée.


1 ligne créée.


1 ligne créée.


1 ligne créée.


1 ligne créée.


1 ligne créée.


1 ligne créée.


1 ligne créée.


1 ligne créée.


1 ligne créée.


1 ligne créée.


Validation effectuée.


aucune ligne sélectionnée


aucune ligne sélectionnée


aucune ligne sélectionnée


aucune ligne sélectionnée


aucune ligne sélectionnée


aucune ligne sélectionnée


aucune ligne sélectionnée


aucune ligne sélectionnée


aucune ligne sélectionnée


aucune ligne sélectionnée

